area | Identificador
25 | Numero
radio | Identificador
26 | Numero
350 | Numero
350.895 | Numero
350E-46 | Numero
350E46 | Numero
356E+46 | Numero
350.895E-46 | Numero
350.895E+46 | Numero
350.895E46 | Numero
== | OperadorRelacional
= | Asignacion
: | Caracter
:= | Inicializacion
; | FinSentencia
&& | OperadorLogico
& | Caracter
|| | OperadorLogico
| | Caracter
# | Caracter
! | OperadorLogico
!= | OperadorRelacional
char | tipoDato
, | Caracter
private | zona
, | Caracter
switch | condicion
, | Caracter
do | ciclo
? | OperadorTernario
